{
    "timestamp_capture": "2025-07-08T18:56:34.086237",
    "camera_ip": "10.45.14.12",
    "event_time_utc": "2025-07-08T18:56:33",
    "plate_number": "PAMELA",
    "vehicle_color": "Unknown",
    "vehicle_speed": 0,
    "lane": 1
}
---
{
    "timestamp_capture": "2025-07-08T18:56:36.139613",
    "camera_ip": "10.45.14.11",
    "event_time_utc": "2025-07-08T18:56:35",
    "plate_number": "NIDIA",
    "vehicle_color": "Unknown",
    "vehicle_speed": 0,
    "lane": 1
}
---
{
    "timestamp_capture": "2025-07-08T18:56:42.976717",
    "camera_ip": "10.45.14.11",
    "event_time_utc": "2025-07-08T18:56:42",
    "plate_number": "ERICKA",
    "vehicle_color": "Unknown",
    "vehicle_speed": 0,
    "lane": 1
}
---
{
    "timestamp_capture": "2025-07-08T18:56:47.436582",
    "camera_ip": "10.45.14.12",
    "event_time_utc": "2025-07-08T18:56:47",
    "plate_number": "RUBIA",
    "vehicle_color": "Unknown",
    "vehicle_speed": 0,
    "lane": 1
}
---
