[2025-07-08T17:54:59.834 info Netsdk:87378 343947:343947 AVNetSDKMgr.cpp:506]Load avnetsdk library dynamically
[2025-07-08T17:54:59.840 info Netsdk:87378 343947:343947 AVNetSDKMgr.cpp:551]avnetsdk module handle: 0x55d35ef2ca20

[2025-07-08T17:54:59.840 info Netsdk:87378 343947:343947 AVNetSDKMgr.cpp:826]Load configsdk dynamically
[2025-07-08T17:54:59.841 info Netsdk:87378 343947:343947 netsdk.cpp:245]Enter CLIENT_InitEx:[cbDisConnect=(nil), dwUser=(nil), lpInitParam=0x55d35e7e01b0].
[2025-07-08T17:54:59.841 info Netsdk:87378 343947:343947 OpensslMgr.cpp:729]LibeayPath=libcrypto.so and SsleayPath=libssl.so ,pHardEnginePath=,pKeyManager=,pVendorLibPath=

[2025-07-08T17:54:59.841 info Netsdk:87378 343947:343947 OpensslMgr.cpp:752]LibtinyPath= 

[2025-07-08T17:54:59.843 error Netsdk:87378 343947:343947 OpensslMgr.cpp:789]m_hHardEngineModule:0x7f56ed80f2e0

[2025-07-08T17:54:59.843 error Netsdk:87378 343947:343947 OpensslMgr.cpp:833]load rsa encode failed
[2025-07-08T17:54:59.850 info Netsdk:87378 343947:343947 AVNetSDKMgr.cpp:725]Test load avnetsdk err

[2025-07-08T17:54:59.850 info Netsdk:87378 343947:343947 netsdk.cpp:268]Leave CLIENT_InitEx.
[2025-07-08T17:54:59.850 info Netsdk:87378 343947:343947 netsdk.cpp:993]Enter CLIENT_LoginWithHighLevelSecurity. pstInParam:0x7f56ecb661f0, pstOutParam:0x7f56ecaa0030.
[2025-07-08T17:54:59.850 info Netsdk:87378 343947:343947 netsdk.cpp:1009]IP:10.45.14.11, port:37777, SpeCap:0, CapParam:(nil), TLSCap:0
[2025-07-08T17:54:59.850 info Netsdk:87378 343947:343947 devprob.cpp:3567]login with localIP:
[2025-07-08T17:54:59.850 error Netsdk:87378 343947:343947 TPTCPClient.cpp:495]connect() failed: Operation now in progress
[2025-07-08T17:54:59.853 info Netsdk:87378 343947:343947 TPTCPClient.cpp:586]Connect Client Ip : 10.10.1.22 
[2025-07-08T17:54:59.853 info Netsdk:87378 343947:343947 TPTCPClient.cpp:587]Connect Client Port : 57510
[2025-07-08T17:55:00.157 info Netsdk:87378 343947:343947 netsdk.cpp:1057]Leave CLIENT_LoginWithHighLevelSecurity. error:0, login ID:0x55d35efe69e0.
[2025-07-08T17:55:00.158 error Netsdk:87378 343947:343963 JsonParser.cpp:7094]result : false, error code : 0x1007ffff
[2025-07-08T17:55:00.158 info Netsdk:87378 343947:343947 netsdk.cpp:10840]Enter CLIENT_RealLoadPictureEx. lLoginID:0x55d35efe69e0, nChannelID:0, dwAlarmType:23, bNeedPicFile:0, cbAnalyzerData:0x7f56ed7b8010, dwUser:(nil), Reserved:(nil).
[2025-07-08T17:55:00.158 error Netsdk:87378 343947:343963 JsonParser.cpp:7094]result : false, error code : 0x1007ffff
[2025-07-08T17:55:00.158 info Netsdk:87378 343947:343947 Utils.cpp:5201]interface num = 4
[2025-07-08T17:55:00.158 info Netsdk:87378 343947:343947 Utils.cpp:5210]cur IP 172.18.0.1
[2025-07-08T17:55:00.158 info Netsdk:87378 343947:343947 Utils.cpp:5210]cur IP 172.17.0.1
[2025-07-08T17:55:00.158 info Netsdk:87378 343947:343947 Utils.cpp:5210]cur IP 10.10.1.22
[2025-07-08T17:55:00.178 error Netsdk:87378 343947:343947 Generation2ProtocolSecureTransmit.cpp:661]Not find
[2025-07-08T17:55:00.178 info Netsdk:87378 343947:343947 DevConfigEx.cpp:13612]IN SetupSession PORT=0 and PORT: 37777
[2025-07-08T17:55:00.178 error Netsdk:87378 343947:343947 TPTCPClient.cpp:495]connect() failed: Operation now in progress
[2025-07-08T17:55:00.181 error Netsdk:87378 343947:343963 JsonParser.cpp:7094]result : false, error code : 0x1007ffff
[2025-07-08T17:55:00.181 error Netsdk:87378 343947:343963 JsonParser.cpp:7094]result : false, error code : 0x1007ffff
[2025-07-08T17:55:00.181 info Netsdk:87378 343947:343947 TPTCPClient.cpp:586]Connect Client Ip : 10.10.1.22 
[2025-07-08T17:55:00.181 info Netsdk:87378 343947:343947 TPTCPClient.cpp:587]Connect Client Port : 57514
[2025-07-08T17:55:00.181 info Netsdk:87378 343947:343947 TcpSocket.cpp:2369]bSetSSL:0, nPolicy:0, nTlsMode:0
[2025-07-08T17:55:00.181 info Netsdk:87378 343947:343947 TcpSocket.cpp:2384]IsStandardTls bSetSSL:0, nPolicy:0, nTlsMode:0
[2025-07-08T17:55:00.212 info Netsdk:87378 343947:343947 netsdk.cpp:10859]Leave CLIENT_RealLoadPictureEx. ret:94366320281296.
[2025-07-08T17:55:00.212 info Netsdk:87378 343947:343947 netsdk.cpp:993]Enter CLIENT_LoginWithHighLevelSecurity. pstInParam:0x7f56ecb66550, pstOutParam:0x7f56ecaa0300.
[2025-07-08T17:55:00.212 info Netsdk:87378 343947:343947 netsdk.cpp:1009]IP:10.45.14.12, port:37777, SpeCap:0, CapParam:(nil), TLSCap:0
[2025-07-08T17:55:00.212 info Netsdk:87378 343947:343947 devprob.cpp:3567]login with localIP:
[2025-07-08T17:55:00.212 error Netsdk:87378 343947:343947 TPTCPClient.cpp:495]connect() failed: Operation now in progress
[2025-07-08T17:55:00.215 info Netsdk:87378 343947:343947 TPTCPClient.cpp:586]Connect Client Ip : 10.10.1.22 
[2025-07-08T17:55:00.215 info Netsdk:87378 343947:343947 TPTCPClient.cpp:587]Connect Client Port : 43004
[2025-07-08T17:55:00.246 info Netsdk:87378 343947:343947 devprob.cpp:1867]Device support authorityType MD5 to encrypt
[2025-07-08T17:55:00.246 info Netsdk:87378 343947:343947 devprob.cpp:1857]Device support authorityType SHA256 to encrypt
[2025-07-08T17:55:00.656 info Netsdk:87378 343947:343947 netsdk.cpp:1057]Leave CLIENT_LoginWithHighLevelSecurity. error:0, login ID:0x55d35f00db40.
[2025-07-08T17:55:00.656 info Netsdk:87378 343947:343947 netsdk.cpp:10840]Enter CLIENT_RealLoadPictureEx. lLoginID:0x55d35f00db40, nChannelID:0, dwAlarmType:23, bNeedPicFile:0, cbAnalyzerData:0x7f56ed7b8010, dwUser:(nil), Reserved:(nil).
[2025-07-08T17:55:00.656 info Netsdk:87378 343947:343947 Utils.cpp:5201]interface num = 4
[2025-07-08T17:55:00.656 info Netsdk:87378 343947:343947 Utils.cpp:5210]cur IP 172.18.0.1
[2025-07-08T17:55:00.656 info Netsdk:87378 343947:343947 Utils.cpp:5210]cur IP 172.17.0.1
[2025-07-08T17:55:00.656 info Netsdk:87378 343947:343947 Utils.cpp:5210]cur IP 10.10.1.22
[2025-07-08T17:55:00.665 error Netsdk:87378 343947:343965 JsonParser.cpp:7094]result : false, error code : 0x1007ffff
[2025-07-08T17:55:00.665 error Netsdk:87378 343947:343965 JsonParser.cpp:7094]result : false, error code : 0x1007ffff
[2025-07-08T17:55:00.666 error Netsdk:87378 343947:343947 Generation2ProtocolSecureTransmit.cpp:661]Not find
[2025-07-08T17:55:00.666 info Netsdk:87378 343947:343947 DevConfigEx.cpp:13612]IN SetupSession PORT=0 and PORT: 37777
[2025-07-08T17:55:00.666 error Netsdk:87378 343947:343965 JsonParser.cpp:7094]result : false, error code : 0x1007ffff
[2025-07-08T17:55:00.666 error Netsdk:87378 343947:343965 JsonParser.cpp:7094]result : false, error code : 0x1007ffff
[2025-07-08T17:55:00.666 error Netsdk:87378 343947:343947 TPTCPClient.cpp:495]connect() failed: Operation now in progress
[2025-07-08T17:55:00.669 info Netsdk:87378 343947:343947 TPTCPClient.cpp:586]Connect Client Ip : 10.10.1.22 
[2025-07-08T17:55:00.669 info Netsdk:87378 343947:343947 TPTCPClient.cpp:587]Connect Client Port : 43010
[2025-07-08T17:55:00.669 info Netsdk:87378 343947:343947 TcpSocket.cpp:2369]bSetSSL:0, nPolicy:0, nTlsMode:0
[2025-07-08T17:55:00.669 info Netsdk:87378 343947:343947 TcpSocket.cpp:2384]IsStandardTls bSetSSL:0, nPolicy:0, nTlsMode:0
[2025-07-08T17:55:00.700 info Netsdk:87378 343947:343947 netsdk.cpp:10859]Leave CLIENT_RealLoadPictureEx. ret:94366320440096.
Begin Time:2025-07-08T18:16:27.823
[2025-07-08T18:16:27.823 info Netsdk:87378 350806:350806 AVNetSDKMgr.cpp:506]Load avnetsdk library dynamically
[2025-07-08T18:16:27.835 info Netsdk:87378 350806:350806 AVNetSDKMgr.cpp:551]avnetsdk module handle: 0x55f1cffbdad0

[2025-07-08T18:16:27.835 info Netsdk:87378 350806:350806 AVNetSDKMgr.cpp:826]Load configsdk dynamically
[2025-07-08T18:16:27.837 info Netsdk:87378 350806:350806 netsdk.cpp:245]Enter CLIENT_InitEx:[cbDisConnect=(nil), dwUser=(nil), lpInitParam=0x55f1cf8711e0].
[2025-07-08T18:16:27.837 info Netsdk:87378 350806:350806 OpensslMgr.cpp:729]LibeayPath=libcrypto.so and SsleayPath=libssl.so ,pHardEnginePath=,pKeyManager=,pVendorLibPath=

[2025-07-08T18:16:27.837 info Netsdk:87378 350806:350806 OpensslMgr.cpp:752]LibtinyPath= 

[2025-07-08T18:16:27.838 error Netsdk:87378 350806:350806 OpensslMgr.cpp:789]m_hHardEngineModule:0x7f5c8e8992e0

[2025-07-08T18:16:27.838 error Netsdk:87378 350806:350806 OpensslMgr.cpp:833]load rsa encode failed
[2025-07-08T18:16:27.846 info Netsdk:87378 350806:350806 AVNetSDKMgr.cpp:725]Test load avnetsdk err

[2025-07-08T18:16:27.846 info Netsdk:87378 350806:350806 netsdk.cpp:268]Leave CLIENT_InitEx.
[2025-07-08T18:16:27.846 info Netsdk:87378 350806:350806 netsdk.cpp:993]Enter CLIENT_LoginWithHighLevelSecurity. pstInParam:0x7f5c8db661f0, pstOutParam:0x7f5c8dac0030.
[2025-07-08T18:16:27.846 info Netsdk:87378 350806:350806 netsdk.cpp:1009]IP:10.45.14.11, port:37777, SpeCap:0, CapParam:(nil), TLSCap:0
[2025-07-08T18:16:27.846 info Netsdk:87378 350806:350806 devprob.cpp:3567]login with localIP:
[2025-07-08T18:16:27.846 error Netsdk:87378 350806:350806 TPTCPClient.cpp:495]connect() failed: Operation now in progress
[2025-07-08T18:16:27.850 info Netsdk:87378 350806:350806 TPTCPClient.cpp:586]Connect Client Ip : 10.10.1.22 
[2025-07-08T18:16:27.850 info Netsdk:87378 350806:350806 TPTCPClient.cpp:587]Connect Client Port : 37226
[2025-07-08T18:16:28.014 info Netsdk:87378 350806:350806 netsdk.cpp:1057]Leave CLIENT_LoginWithHighLevelSecurity. error:0, login ID:0x55f1d0077930.
[2025-07-08T18:16:28.015 info Netsdk:87378 350806:350806 netsdk.cpp:10840]Enter CLIENT_RealLoadPictureEx. lLoginID:0x55f1d0077930, nChannelID:0, dwAlarmType:23, bNeedPicFile:0, cbAnalyzerData:0x7f5c8e7bc010, dwUser:(nil), Reserved:(nil).
[2025-07-08T18:16:28.015 info Netsdk:87378 350806:350806 Utils.cpp:5201]interface num = 5
[2025-07-08T18:16:28.015 info Netsdk:87378 350806:350806 Utils.cpp:5210]cur IP 172.25.0.1
[2025-07-08T18:16:28.015 info Netsdk:87378 350806:350806 Utils.cpp:5210]cur IP 172.18.0.1
[2025-07-08T18:16:28.015 info Netsdk:87378 350806:350806 Utils.cpp:5210]cur IP 172.17.0.1
[2025-07-08T18:16:28.015 info Netsdk:87378 350806:350806 Utils.cpp:5210]cur IP 10.10.1.22
[2025-07-08T18:16:28.024 error Netsdk:87378 350806:350822 JsonParser.cpp:7094]result : false, error code : 0x1007ffff
[2025-07-08T18:16:28.024 error Netsdk:87378 350806:350822 JsonParser.cpp:7094]result : false, error code : 0x1007ffff
[2025-07-08T18:16:28.025 error Netsdk:87378 350806:350806 Generation2ProtocolSecureTransmit.cpp:661]Not find
[2025-07-08T18:16:28.025 info Netsdk:87378 350806:350806 DevConfigEx.cpp:13612]IN SetupSession PORT=0 and PORT: 37777
[2025-07-08T18:16:28.025 error Netsdk:87378 350806:350806 TPTCPClient.cpp:495]connect() failed: Operation now in progress
[2025-07-08T18:16:28.028 info Netsdk:87378 350806:350806 TPTCPClient.cpp:586]Connect Client Ip : 10.10.1.22 
[2025-07-08T18:16:28.029 info Netsdk:87378 350806:350806 TPTCPClient.cpp:587]Connect Client Port : 37234
[2025-07-08T18:16:28.029 info Netsdk:87378 350806:350806 TcpSocket.cpp:2369]bSetSSL:0, nPolicy:0, nTlsMode:0
[2025-07-08T18:16:28.029 info Netsdk:87378 350806:350806 TcpSocket.cpp:2384]IsStandardTls bSetSSL:0, nPolicy:0, nTlsMode:0
[2025-07-08T18:16:28.046 error Netsdk:87378 350806:350822 JsonParser.cpp:7094]result : false, error code : 0x1007ffff
[2025-07-08T18:16:28.046 error Netsdk:87378 350806:350822 JsonParser.cpp:7094]result : false, error code : 0x1007ffff
[2025-07-08T18:16:28.059 info Netsdk:87378 350806:350806 netsdk.cpp:10859]Leave CLIENT_RealLoadPictureEx. ret:94497065719328.
[2025-07-08T18:16:28.060 info Netsdk:87378 350806:350806 netsdk.cpp:993]Enter CLIENT_LoginWithHighLevelSecurity. pstInParam:0x7f5c8db66550, pstOutParam:0x7f5c8dac0300.
[2025-07-08T18:16:28.060 info Netsdk:87378 350806:350806 netsdk.cpp:1009]IP:10.45.14.12, port:37777, SpeCap:0, CapParam:(nil), TLSCap:0
[2025-07-08T18:16:28.060 info Netsdk:87378 350806:350806 devprob.cpp:3567]login with localIP:
[2025-07-08T18:16:28.060 error Netsdk:87378 350806:350806 TPTCPClient.cpp:495]connect() failed: Operation now in progress
[2025-07-08T18:16:28.063 info Netsdk:87378 350806:350806 TPTCPClient.cpp:586]Connect Client Ip : 10.10.1.22 
[2025-07-08T18:16:28.063 info Netsdk:87378 350806:350806 TPTCPClient.cpp:587]Connect Client Port : 43390
[2025-07-08T18:16:28.094 info Netsdk:87378 350806:350806 devprob.cpp:1867]Device support authorityType MD5 to encrypt
[2025-07-08T18:16:28.094 info Netsdk:87378 350806:350806 devprob.cpp:1857]Device support authorityType SHA256 to encrypt
[2025-07-08T18:16:28.561 info Netsdk:87378 350806:350806 netsdk.cpp:1057]Leave CLIENT_LoginWithHighLevelSecurity. error:0, login ID:0x55f1d009e9f0.
[2025-07-08T18:16:28.561 info Netsdk:87378 350806:350806 netsdk.cpp:10840]Enter CLIENT_RealLoadPictureEx. lLoginID:0x55f1d009e9f0, nChannelID:0, dwAlarmType:23, bNeedPicFile:0, cbAnalyzerData:0x7f5c8e7bc010, dwUser:(nil), Reserved:(nil).
[2025-07-08T18:16:28.561 info Netsdk:87378 350806:350806 Utils.cpp:5201]interface num = 5
[2025-07-08T18:16:28.561 info Netsdk:87378 350806:350806 Utils.cpp:5210]cur IP 172.25.0.1
[2025-07-08T18:16:28.561 info Netsdk:87378 350806:350806 Utils.cpp:5210]cur IP 172.18.0.1
[2025-07-08T18:16:28.561 info Netsdk:87378 350806:350806 Utils.cpp:5210]cur IP 172.17.0.1
[2025-07-08T18:16:28.561 info Netsdk:87378 350806:350806 Utils.cpp:5210]cur IP 10.10.1.22
[2025-07-08T18:16:28.571 error Netsdk:87378 350806:350806 Generation2ProtocolSecureTransmit.cpp:661]Not find
[2025-07-08T18:16:28.571 info Netsdk:87378 350806:350806 DevConfigEx.cpp:13612]IN SetupSession PORT=0 and PORT: 37777
[2025-07-08T18:16:28.571 error Netsdk:87378 350806:350806 TPTCPClient.cpp:495]connect() failed: Operation now in progress
[2025-07-08T18:16:28.575 info Netsdk:87378 350806:350806 TPTCPClient.cpp:586]Connect Client Ip : 10.10.1.22 
[2025-07-08T18:16:28.575 info Netsdk:87378 350806:350806 TPTCPClient.cpp:587]Connect Client Port : 43392
[2025-07-08T18:16:28.575 info Netsdk:87378 350806:350806 TcpSocket.cpp:2369]bSetSSL:0, nPolicy:0, nTlsMode:0
[2025-07-08T18:16:28.575 info Netsdk:87378 350806:350806 TcpSocket.cpp:2384]IsStandardTls bSetSSL:0, nPolicy:0, nTlsMode:0
[2025-07-08T18:16:28.576 error Netsdk:87378 350806:350824 JsonParser.cpp:7094]result : false, error code : 0x1007ffff
[2025-07-08T18:16:28.576 error Netsdk:87378 350806:350824 JsonParser.cpp:7094]result : false, error code : 0x1007ffff
[2025-07-08T18:16:28.596 info Netsdk:87378 350806:350806 netsdk.cpp:10859]Leave CLIENT_RealLoadPictureEx. ret:94497065883232.
[2025-07-08T18:16:28.598 error Netsdk:87378 350806:350824 JsonParser.cpp:7094]result : false, error code : 0x1007ffff
[2025-07-08T18:16:28.599 error Netsdk:87378 350806:350824 JsonParser.cpp:7094]result : false, error code : 0x1007ffff
Begin Time:2025-07-08T18:17:15.286
[2025-07-08T18:17:15.286 info Netsdk:87378 351193:351193 AVNetSDKMgr.cpp:506]Load avnetsdk library dynamically
[2025-07-08T18:17:15.293 info Netsdk:87378 351193:351193 AVNetSDKMgr.cpp:551]avnetsdk module handle: 0x55e3370dead0

[2025-07-08T18:17:15.293 info Netsdk:87378 351193:351193 AVNetSDKMgr.cpp:826]Load configsdk dynamically
[2025-07-08T18:17:15.295 info Netsdk:87378 351193:351193 netsdk.cpp:245]Enter CLIENT_InitEx:[cbDisConnect=(nil), dwUser=(nil), lpInitParam=0x55e3369921e0].
[2025-07-08T18:17:15.295 info Netsdk:87378 351193:351193 OpensslMgr.cpp:729]LibeayPath=libcrypto.so and SsleayPath=libssl.so ,pHardEnginePath=,pKeyManager=,pVendorLibPath=

[2025-07-08T18:17:15.295 info Netsdk:87378 351193:351193 OpensslMgr.cpp:752]LibtinyPath= 

[2025-07-08T18:17:15.297 error Netsdk:87378 351193:351193 OpensslMgr.cpp:789]m_hHardEngineModule:0x7f817d39d2e0

[2025-07-08T18:17:15.297 error Netsdk:87378 351193:351193 OpensslMgr.cpp:833]load rsa encode failed
[2025-07-08T18:17:15.305 info Netsdk:87378 351193:351193 AVNetSDKMgr.cpp:725]Test load avnetsdk err

[2025-07-08T18:17:15.305 info Netsdk:87378 351193:351193 netsdk.cpp:268]Leave CLIENT_InitEx.
[2025-07-08T18:17:15.305 info Netsdk:87378 351193:351193 netsdk.cpp:993]Enter CLIENT_LoginWithHighLevelSecurity. pstInParam:0x7f817c9861f0, pstOutParam:0x7f817c5c4030.
[2025-07-08T18:17:15.305 info Netsdk:87378 351193:351193 netsdk.cpp:1009]IP:10.45.14.11, port:37777, SpeCap:0, CapParam:(nil), TLSCap:0
[2025-07-08T18:17:15.305 info Netsdk:87378 351193:351193 devprob.cpp:3567]login with localIP:
[2025-07-08T18:17:15.305 error Netsdk:87378 351193:351193 TPTCPClient.cpp:495]connect() failed: Operation now in progress
[2025-07-08T18:17:15.308 info Netsdk:87378 351193:351193 TPTCPClient.cpp:586]Connect Client Ip : 10.10.1.22 
[2025-07-08T18:17:15.308 info Netsdk:87378 351193:351193 TPTCPClient.cpp:587]Connect Client Port : 60062
[2025-07-08T18:17:15.442 info Netsdk:87378 351193:351193 netsdk.cpp:1057]Leave CLIENT_LoginWithHighLevelSecurity. error:0, login ID:0x55e337198930.
[2025-07-08T18:17:15.442 info Netsdk:87378 351193:351193 netsdk.cpp:10840]Enter CLIENT_RealLoadPictureEx. lLoginID:0x55e337198930, nChannelID:0, dwAlarmType:23, bNeedPicFile:0, cbAnalyzerData:0x7f817d1ba010, dwUser:(nil), Reserved:(nil).
[2025-07-08T18:17:15.442 info Netsdk:87378 351193:351193 Utils.cpp:5201]interface num = 5
[2025-07-08T18:17:15.442 info Netsdk:87378 351193:351193 Utils.cpp:5210]cur IP 172.25.0.1
[2025-07-08T18:17:15.442 info Netsdk:87378 351193:351193 Utils.cpp:5210]cur IP 172.18.0.1
[2025-07-08T18:17:15.442 info Netsdk:87378 351193:351193 Utils.cpp:5210]cur IP 172.17.0.1
[2025-07-08T18:17:15.442 info Netsdk:87378 351193:351193 Utils.cpp:5210]cur IP 10.10.1.22
[2025-07-08T18:17:15.448 error Netsdk:87378 351193:351209 JsonParser.cpp:7094]result : false, error code : 0x1007ffff
[2025-07-08T18:17:15.448 error Netsdk:87378 351193:351209 JsonParser.cpp:7094]result : false, error code : 0x1007ffff
[2025-07-08T18:17:15.448 error Netsdk:87378 351193:351209 JsonParser.cpp:7094]result : false, error code : 0x1007ffff
[2025-07-08T18:17:15.448 error Netsdk:87378 351193:351209 JsonParser.cpp:7094]result : false, error code : 0x1007ffff
[2025-07-08T18:17:15.453 error Netsdk:87378 351193:351193 Generation2ProtocolSecureTransmit.cpp:661]Not find
[2025-07-08T18:17:15.453 info Netsdk:87378 351193:351193 DevConfigEx.cpp:13612]IN SetupSession PORT=0 and PORT: 37777
[2025-07-08T18:17:15.453 error Netsdk:87378 351193:351193 TPTCPClient.cpp:495]connect() failed: Operation now in progress
[2025-07-08T18:17:15.457 info Netsdk:87378 351193:351193 TPTCPClient.cpp:586]Connect Client Ip : 10.10.1.22 
[2025-07-08T18:17:15.457 info Netsdk:87378 351193:351193 TPTCPClient.cpp:587]Connect Client Port : 60074
[2025-07-08T18:17:15.457 info Netsdk:87378 351193:351193 TcpSocket.cpp:2369]bSetSSL:0, nPolicy:0, nTlsMode:0
[2025-07-08T18:17:15.457 info Netsdk:87378 351193:351193 TcpSocket.cpp:2384]IsStandardTls bSetSSL:0, nPolicy:0, nTlsMode:0
[2025-07-08T18:17:15.488 info Netsdk:87378 351193:351193 netsdk.cpp:10859]Leave CLIENT_RealLoadPictureEx. ret:94434370444944.
[2025-07-08T18:17:15.488 info Netsdk:87378 351193:351193 netsdk.cpp:993]Enter CLIENT_LoginWithHighLevelSecurity. pstInParam:0x7f817c986550, pstOutParam:0x7f817c5c4300.
[2025-07-08T18:17:15.488 info Netsdk:87378 351193:351193 netsdk.cpp:1009]IP:10.45.14.12, port:37777, SpeCap:0, CapParam:(nil), TLSCap:0
[2025-07-08T18:17:15.488 info Netsdk:87378 351193:351193 devprob.cpp:3567]login with localIP:
[2025-07-08T18:17:15.488 error Netsdk:87378 351193:351193 TPTCPClient.cpp:495]connect() failed: Operation now in progress
[2025-07-08T18:17:15.491 info Netsdk:87378 351193:351193 TPTCPClient.cpp:586]Connect Client Ip : 10.10.1.22 
[2025-07-08T18:17:15.491 info Netsdk:87378 351193:351193 TPTCPClient.cpp:587]Connect Client Port : 41016
[2025-07-08T18:17:15.512 info Netsdk:87378 351193:351193 devprob.cpp:1867]Device support authorityType MD5 to encrypt
[2025-07-08T18:17:15.512 info Netsdk:87378 351193:351193 devprob.cpp:1857]Device support authorityType SHA256 to encrypt
[2025-07-08T18:17:15.925 error Netsdk:87378 351193:351211 JsonParser.cpp:7094]result : false, error code : 0x1007ffff
[2025-07-08T18:17:15.925 error Netsdk:87378 351193:351211 JsonParser.cpp:7094]result : false, error code : 0x1007ffff
[2025-07-08T18:17:15.931 info Netsdk:87378 351193:351193 netsdk.cpp:1057]Leave CLIENT_LoginWithHighLevelSecurity. error:0, login ID:0x55e3371bfa30.
[2025-07-08T18:17:15.931 info Netsdk:87378 351193:351193 netsdk.cpp:10840]Enter CLIENT_RealLoadPictureEx. lLoginID:0x55e3371bfa30, nChannelID:0, dwAlarmType:23, bNeedPicFile:0, cbAnalyzerData:0x7f817d1ba010, dwUser:(nil), Reserved:(nil).
[2025-07-08T18:17:15.931 info Netsdk:87378 351193:351193 Utils.cpp:5201]interface num = 5
[2025-07-08T18:17:15.931 info Netsdk:87378 351193:351193 Utils.cpp:5210]cur IP 172.25.0.1
[2025-07-08T18:17:15.931 info Netsdk:87378 351193:351193 Utils.cpp:5210]cur IP 172.18.0.1
[2025-07-08T18:17:15.931 info Netsdk:87378 351193:351193 Utils.cpp:5210]cur IP 172.17.0.1
[2025-07-08T18:17:15.931 info Netsdk:87378 351193:351193 Utils.cpp:5210]cur IP 10.10.1.22
[2025-07-08T18:17:15.938 error Netsdk:87378 351193:351211 JsonParser.cpp:7094]result : false, error code : 0x1007ffff
[2025-07-08T18:17:15.938 error Netsdk:87378 351193:351211 JsonParser.cpp:7094]result : false, error code : 0x1007ffff
[2025-07-08T18:17:15.941 error Netsdk:87378 351193:351193 Generation2ProtocolSecureTransmit.cpp:661]Not find
[2025-07-08T18:17:15.941 info Netsdk:87378 351193:351193 DevConfigEx.cpp:13612]IN SetupSession PORT=0 and PORT: 37777
[2025-07-08T18:17:15.942 error Netsdk:87378 351193:351193 TPTCPClient.cpp:495]connect() failed: Operation now in progress
[2025-07-08T18:17:15.945 info Netsdk:87378 351193:351193 TPTCPClient.cpp:586]Connect Client Ip : 10.10.1.22 
[2025-07-08T18:17:15.945 info Netsdk:87378 351193:351193 TPTCPClient.cpp:587]Connect Client Port : 41024
[2025-07-08T18:17:15.945 info Netsdk:87378 351193:351193 TcpSocket.cpp:2369]bSetSSL:0, nPolicy:0, nTlsMode:0
[2025-07-08T18:17:15.945 info Netsdk:87378 351193:351193 TcpSocket.cpp:2384]IsStandardTls bSetSSL:0, nPolicy:0, nTlsMode:0
[2025-07-08T18:17:15.965 info Netsdk:87378 351193:351193 netsdk.cpp:10859]Leave CLIENT_RealLoadPictureEx. ret:94434370569840.
Begin Time:2025-07-08T18:47:46.896
[2025-07-08T18:47:46.896 info Netsdk:87378 366794:366794 AVNetSDKMgr.cpp:506]Load avnetsdk library dynamically
[2025-07-08T18:47:46.913 info Netsdk:87378 366794:366794 AVNetSDKMgr.cpp:551]avnetsdk module handle: 0x5648fbfa9bc0

[2025-07-08T18:47:46.913 info Netsdk:87378 366794:366794 AVNetSDKMgr.cpp:826]Load configsdk dynamically
[2025-07-08T18:47:46.916 info Netsdk:87378 366794:366794 netsdk.cpp:245]Enter CLIENT_InitEx:[cbDisConnect=(nil), dwUser=(nil), lpInitParam=0x5648fb85d1e0].
[2025-07-08T18:47:46.916 info Netsdk:87378 366794:366794 OpensslMgr.cpp:729]LibeayPath=libcrypto.so and SsleayPath=libssl.so ,pHardEnginePath=,pKeyManager=,pVendorLibPath=

[2025-07-08T18:47:46.916 info Netsdk:87378 366794:366794 OpensslMgr.cpp:752]LibtinyPath= 

[2025-07-08T18:47:46.918 error Netsdk:87378 366794:366794 OpensslMgr.cpp:789]m_hHardEngineModule:0x7f700dd292e0

[2025-07-08T18:47:46.918 error Netsdk:87378 366794:366794 OpensslMgr.cpp:833]load rsa encode failed
[2025-07-08T18:47:46.930 info Netsdk:87378 366794:366794 AVNetSDKMgr.cpp:725]Test load avnetsdk err

[2025-07-08T18:47:46.930 info Netsdk:87378 366794:366794 netsdk.cpp:268]Leave CLIENT_InitEx.
[2025-07-08T18:47:46.930 info Netsdk:87378 366794:366794 netsdk.cpp:993]Enter CLIENT_LoginWithHighLevelSecurity. pstInParam:0x7f700d3861f0, pstOutParam:0x7f700cfc4030.
[2025-07-08T18:47:46.930 info Netsdk:87378 366794:366794 netsdk.cpp:1009]IP:10.45.14.11, port:37777, SpeCap:0, CapParam:(nil), TLSCap:0
[2025-07-08T18:47:46.930 info Netsdk:87378 366794:366794 devprob.cpp:3567]login with localIP:
[2025-07-08T18:47:46.930 error Netsdk:87378 366794:366794 TPTCPClient.cpp:495]connect() failed: Operation now in progress
[2025-07-08T18:47:46.933 info Netsdk:87378 366794:366794 TPTCPClient.cpp:586]Connect Client Ip : 10.10.1.22 
[2025-07-08T18:47:46.933 info Netsdk:87378 366794:366794 TPTCPClient.cpp:587]Connect Client Port : 46450
[2025-07-08T18:47:47.077 info Netsdk:87378 366794:366794 netsdk.cpp:1057]Leave CLIENT_LoginWithHighLevelSecurity. error:0, login ID:0x5648fc063a20.
[2025-07-08T18:47:47.077 info Netsdk:87378 366794:366794 netsdk.cpp:10840]Enter CLIENT_RealLoadPictureEx. lLoginID:0x5648fc063a20, nChannelID:0, dwAlarmType:23, bNeedPicFile:0, cbAnalyzerData:0x7f700d2ea010, dwUser:(nil), Reserved:(nil).
[2025-07-08T18:47:47.077 info Netsdk:87378 366794:366794 Utils.cpp:5201]interface num = 4
[2025-07-08T18:47:47.077 info Netsdk:87378 366794:366794 Utils.cpp:5210]cur IP 172.18.0.1
[2025-07-08T18:47:47.077 info Netsdk:87378 366794:366794 Utils.cpp:5210]cur IP 172.17.0.1
[2025-07-08T18:47:47.077 info Netsdk:87378 366794:366794 Utils.cpp:5210]cur IP 10.10.1.22
[2025-07-08T18:47:47.077 error Netsdk:87378 366794:366810 JsonParser.cpp:7094]result : false, error code : 0x1007ffff
[2025-07-08T18:47:47.077 error Netsdk:87378 366794:366810 JsonParser.cpp:7094]result : false, error code : 0x1007ffff
[2025-07-08T18:47:47.079 error Netsdk:87378 366794:366810 JsonParser.cpp:7094]result : false, error code : 0x1007ffff
[2025-07-08T18:47:47.079 error Netsdk:87378 366794:366810 JsonParser.cpp:7094]result : false, error code : 0x1007ffff
[2025-07-08T18:47:47.087 error Netsdk:87378 366794:366794 Generation2ProtocolSecureTransmit.cpp:661]Not find
[2025-07-08T18:47:47.087 info Netsdk:87378 366794:366794 DevConfigEx.cpp:13612]IN SetupSession PORT=0 and PORT: 37777
[2025-07-08T18:47:47.087 error Netsdk:87378 366794:366794 TPTCPClient.cpp:495]connect() failed: Operation now in progress
[2025-07-08T18:47:47.090 info Netsdk:87378 366794:366794 TPTCPClient.cpp:586]Connect Client Ip : 10.10.1.22 
[2025-07-08T18:47:47.091 info Netsdk:87378 366794:366794 TPTCPClient.cpp:587]Connect Client Port : 46458
[2025-07-08T18:47:47.091 info Netsdk:87378 366794:366794 TcpSocket.cpp:2369]bSetSSL:0, nPolicy:0, nTlsMode:0
[2025-07-08T18:47:47.091 info Netsdk:87378 366794:366794 TcpSocket.cpp:2384]IsStandardTls bSetSSL:0, nPolicy:0, nTlsMode:0
[2025-07-08T18:47:47.132 info Netsdk:87378 366794:366794 netsdk.cpp:10859]Leave CLIENT_RealLoadPictureEx. ret:94871465989904.
[2025-07-08T18:47:47.132 info Netsdk:87378 366794:366794 netsdk.cpp:993]Enter CLIENT_LoginWithHighLevelSecurity. pstInParam:0x7f700d386550, pstOutParam:0x7f700cfc4300.
[2025-07-08T18:47:47.132 info Netsdk:87378 366794:366794 netsdk.cpp:1009]IP:10.45.14.12, port:37777, SpeCap:0, CapParam:(nil), TLSCap:0
[2025-07-08T18:47:47.132 info Netsdk:87378 366794:366794 devprob.cpp:3567]login with localIP:
[2025-07-08T18:47:47.132 error Netsdk:87378 366794:366794 TPTCPClient.cpp:495]connect() failed: Operation now in progress
[2025-07-08T18:47:47.135 info Netsdk:87378 366794:366794 TPTCPClient.cpp:586]Connect Client Ip : 10.10.1.22 
[2025-07-08T18:47:47.135 info Netsdk:87378 366794:366794 TPTCPClient.cpp:587]Connect Client Port : 41040
[2025-07-08T18:47:47.166 info Netsdk:87378 366794:366794 devprob.cpp:1867]Device support authorityType MD5 to encrypt
[2025-07-08T18:47:47.166 info Netsdk:87378 366794:366794 devprob.cpp:1857]Device support authorityType SHA256 to encrypt
[2025-07-08T18:47:47.584 info Netsdk:87378 366794:366794 netsdk.cpp:1057]Leave CLIENT_LoginWithHighLevelSecurity. error:0, login ID:0x5648fc08ab80.
[2025-07-08T18:47:47.584 info Netsdk:87378 366794:366794 netsdk.cpp:10840]Enter CLIENT_RealLoadPictureEx. lLoginID:0x5648fc08ab80, nChannelID:0, dwAlarmType:23, bNeedPicFile:0, cbAnalyzerData:0x7f700d2ea010, dwUser:(nil), Reserved:(nil).
[2025-07-08T18:47:47.584 info Netsdk:87378 366794:366794 Utils.cpp:5201]interface num = 4
[2025-07-08T18:47:47.584 info Netsdk:87378 366794:366794 Utils.cpp:5210]cur IP 172.18.0.1
[2025-07-08T18:47:47.584 info Netsdk:87378 366794:366794 Utils.cpp:5210]cur IP 172.17.0.1
[2025-07-08T18:47:47.584 info Netsdk:87378 366794:366794 Utils.cpp:5210]cur IP 10.10.1.22
[2025-07-08T18:47:47.586 error Netsdk:87378 366794:366812 JsonParser.cpp:7094]result : false, error code : 0x1007ffff
[2025-07-08T18:47:47.586 error Netsdk:87378 366794:366812 JsonParser.cpp:7094]result : false, error code : 0x1007ffff
[2025-07-08T18:47:47.594 error Netsdk:87378 366794:366794 Generation2ProtocolSecureTransmit.cpp:661]Not find
[2025-07-08T18:47:47.594 info Netsdk:87378 366794:366794 DevConfigEx.cpp:13612]IN SetupSession PORT=0 and PORT: 37777
[2025-07-08T18:47:47.595 error Netsdk:87378 366794:366794 TPTCPClient.cpp:495]connect() failed: Operation now in progress
[2025-07-08T18:47:47.595 error Netsdk:87378 366794:366812 JsonParser.cpp:7094]result : false, error code : 0x1007ffff
[2025-07-08T18:47:47.596 error Netsdk:87378 366794:366812 JsonParser.cpp:7094]result : false, error code : 0x1007ffff
[2025-07-08T18:47:47.597 info Netsdk:87378 366794:366794 TPTCPClient.cpp:586]Connect Client Ip : 10.10.1.22 
[2025-07-08T18:47:47.597 info Netsdk:87378 366794:366794 TPTCPClient.cpp:587]Connect Client Port : 41048
[2025-07-08T18:47:47.597 info Netsdk:87378 366794:366794 TcpSocket.cpp:2369]bSetSSL:0, nPolicy:0, nTlsMode:0
[2025-07-08T18:47:47.597 info Netsdk:87378 366794:366794 TcpSocket.cpp:2384]IsStandardTls bSetSSL:0, nPolicy:0, nTlsMode:0
[2025-07-08T18:47:47.618 info Netsdk:87378 366794:366794 netsdk.cpp:10859]Leave CLIENT_RealLoadPictureEx. ret:94871466148704.
Begin Time:2025-07-08T18:50:57.743
[2025-07-08T18:50:57.743 info Netsdk:87378 367460:367460 AVNetSDKMgr.cpp:506]Load avnetsdk library dynamically
[2025-07-08T18:50:57.757 info Netsdk:87378 367460:367460 AVNetSDKMgr.cpp:551]avnetsdk module handle: 0x563be3f8d8e0

[2025-07-08T18:50:57.757 info Netsdk:87378 367460:367460 AVNetSDKMgr.cpp:826]Load configsdk dynamically
[2025-07-08T18:50:57.759 info Netsdk:87378 367460:367460 netsdk.cpp:245]Enter CLIENT_InitEx:[cbDisConnect=(nil), dwUser=(nil), lpInitParam=0x563be3a0e0c0].
[2025-07-08T18:50:57.759 info Netsdk:87378 367460:367460 OpensslMgr.cpp:729]LibeayPath=libcrypto.so and SsleayPath=libssl.so ,pHardEnginePath=,pKeyManager=,pVendorLibPath=

[2025-07-08T18:50:57.759 info Netsdk:87378 367460:367460 OpensslMgr.cpp:752]LibtinyPath= 

[2025-07-08T18:50:57.763 error Netsdk:87378 367460:367460 OpensslMgr.cpp:789]m_hHardEngineModule:0x7fa1449d52e0

[2025-07-08T18:50:57.763 error Netsdk:87378 367460:367460 OpensslMgr.cpp:833]load rsa encode failed
[2025-07-08T18:50:57.771 info Netsdk:87378 367460:367460 AVNetSDKMgr.cpp:725]Test load avnetsdk err

[2025-07-08T18:50:57.771 info Netsdk:87378 367460:367460 netsdk.cpp:268]Leave CLIENT_InitEx.
[2025-07-08T18:50:57.771 info Netsdk:87378 367460:367460 netsdk.cpp:993]Enter CLIENT_LoginWithHighLevelSecurity. pstInParam:0x7fa143b92670, pstOutParam:0x7fa143b9c6c0.
[2025-07-08T18:50:57.771 info Netsdk:87378 367460:367460 netsdk.cpp:1009]IP:10.45.14.11, port:37777, SpeCap:0, CapParam:(nil), TLSCap:0
[2025-07-08T18:50:57.771 info Netsdk:87378 367460:367460 devprob.cpp:3567]login with localIP:
[2025-07-08T18:50:57.771 error Netsdk:87378 367460:367460 TPTCPClient.cpp:495]connect() failed: Operation now in progress
[2025-07-08T18:50:57.774 info Netsdk:87378 367460:367460 TPTCPClient.cpp:586]Connect Client Ip : 10.10.1.22 
[2025-07-08T18:50:57.774 info Netsdk:87378 367460:367460 TPTCPClient.cpp:587]Connect Client Port : 43526
[2025-07-08T18:50:57.893 info Netsdk:87378 367460:367460 netsdk.cpp:1057]Leave CLIENT_LoginWithHighLevelSecurity. error:0, login ID:0x563be40472d0.
[2025-07-08T18:50:57.893 info Netsdk:87378 367460:367460 netsdk.cpp:10840]Enter CLIENT_RealLoadPictureEx. lLoginID:0x563be40472d0, nChannelID:0, dwAlarmType:23, bNeedPicFile:0, cbAnalyzerData:0x7fa1447c3010, dwUser:(nil), Reserved:(nil).
[2025-07-08T18:50:57.893 info Netsdk:87378 367460:367460 Utils.cpp:5201]interface num = 4
[2025-07-08T18:50:57.893 info Netsdk:87378 367460:367460 Utils.cpp:5210]cur IP 172.18.0.1
[2025-07-08T18:50:57.893 info Netsdk:87378 367460:367460 Utils.cpp:5210]cur IP 172.17.0.1
[2025-07-08T18:50:57.893 info Netsdk:87378 367460:367460 Utils.cpp:5210]cur IP 10.10.1.22
[2025-07-08T18:50:57.914 error Netsdk:87378 367460:367460 Generation2ProtocolSecureTransmit.cpp:661]Not find
[2025-07-08T18:50:57.914 info Netsdk:87378 367460:367460 DevConfigEx.cpp:13612]IN SetupSession PORT=0 and PORT: 37777
[2025-07-08T18:50:57.914 error Netsdk:87378 367460:367460 TPTCPClient.cpp:495]connect() failed: Operation now in progress
[2025-07-08T18:50:57.917 info Netsdk:87378 367460:367460 TPTCPClient.cpp:586]Connect Client Ip : 10.10.1.22 
[2025-07-08T18:50:57.917 info Netsdk:87378 367460:367460 TPTCPClient.cpp:587]Connect Client Port : 43530
[2025-07-08T18:50:57.917 info Netsdk:87378 367460:367460 TcpSocket.cpp:2369]bSetSSL:0, nPolicy:0, nTlsMode:0
[2025-07-08T18:50:57.917 info Netsdk:87378 367460:367460 TcpSocket.cpp:2384]IsStandardTls bSetSSL:0, nPolicy:0, nTlsMode:0
[2025-07-08T18:50:57.941 error Netsdk:87378 367460:367476 JsonParser.cpp:7094]result : false, error code : 0x1007ffff
[2025-07-08T18:50:57.941 error Netsdk:87378 367460:367476 JsonParser.cpp:7094]result : false, error code : 0x1007ffff
[2025-07-08T18:50:57.943 error Netsdk:87378 367460:367476 JsonParser.cpp:7094]result : false, error code : 0x1007ffff
[2025-07-08T18:50:57.943 error Netsdk:87378 367460:367476 JsonParser.cpp:7094]result : false, error code : 0x1007ffff
[2025-07-08T18:50:57.948 info Netsdk:87378 367460:367460 netsdk.cpp:10859]Leave CLIENT_RealLoadPictureEx. ret:94815228649760.
[2025-07-08T18:50:57.948 info Netsdk:87378 367460:367460 netsdk.cpp:993]Enter CLIENT_LoginWithHighLevelSecurity. pstInParam:0x7fa143b929d0, pstOutParam:0x7fa143b9c990.
[2025-07-08T18:50:57.948 info Netsdk:87378 367460:367460 netsdk.cpp:1009]IP:10.45.14.12, port:37777, SpeCap:0, CapParam:(nil), TLSCap:0
[2025-07-08T18:50:57.948 info Netsdk:87378 367460:367460 devprob.cpp:3567]login with localIP:
[2025-07-08T18:50:57.948 error Netsdk:87378 367460:367460 TPTCPClient.cpp:495]connect() failed: Operation now in progress
[2025-07-08T18:50:57.951 info Netsdk:87378 367460:367460 TPTCPClient.cpp:586]Connect Client Ip : 10.10.1.22 
[2025-07-08T18:50:57.951 info Netsdk:87378 367460:367460 TPTCPClient.cpp:587]Connect Client Port : 46036
[2025-07-08T18:50:57.982 info Netsdk:87378 367460:367460 devprob.cpp:1867]Device support authorityType MD5 to encrypt
[2025-07-08T18:50:57.982 info Netsdk:87378 367460:367460 devprob.cpp:1857]Device support authorityType SHA256 to encrypt
[2025-07-08T18:50:58.413 error Netsdk:87378 367460:367478 JsonParser.cpp:7094]result : false, error code : 0x1007ffff
[2025-07-08T18:50:58.413 error Netsdk:87378 367460:367478 JsonParser.cpp:7094]result : false, error code : 0x1007ffff
[2025-07-08T18:50:58.419 info Netsdk:87378 367460:367460 netsdk.cpp:1057]Leave CLIENT_LoginWithHighLevelSecurity. error:0, login ID:0x563be406e150.
[2025-07-08T18:50:58.419 info Netsdk:87378 367460:367460 netsdk.cpp:10840]Enter CLIENT_RealLoadPictureEx. lLoginID:0x563be406e150, nChannelID:0, dwAlarmType:23, bNeedPicFile:0, cbAnalyzerData:0x7fa1447c3010, dwUser:(nil), Reserved:(nil).
[2025-07-08T18:50:58.419 info Netsdk:87378 367460:367460 Utils.cpp:5201]interface num = 4
[2025-07-08T18:50:58.419 info Netsdk:87378 367460:367460 Utils.cpp:5210]cur IP 172.18.0.1
[2025-07-08T18:50:58.419 info Netsdk:87378 367460:367460 Utils.cpp:5210]cur IP 172.17.0.1
[2025-07-08T18:50:58.419 info Netsdk:87378 367460:367460 Utils.cpp:5210]cur IP 10.10.1.22
[2025-07-08T18:50:58.439 error Netsdk:87378 367460:367478 JsonParser.cpp:7094]result : false, error code : 0x1007ffff
[2025-07-08T18:50:58.439 error Netsdk:87378 367460:367478 JsonParser.cpp:7094]result : false, error code : 0x1007ffff
[2025-07-08T18:50:58.450 error Netsdk:87378 367460:367460 Generation2ProtocolSecureTransmit.cpp:661]Not find
[2025-07-08T18:50:58.450 info Netsdk:87378 367460:367460 DevConfigEx.cpp:13612]IN SetupSession PORT=0 and PORT: 37777
[2025-07-08T18:50:58.450 error Netsdk:87378 367460:367460 TPTCPClient.cpp:495]connect() failed: Operation now in progress
[2025-07-08T18:50:58.454 info Netsdk:87378 367460:367460 TPTCPClient.cpp:586]Connect Client Ip : 10.10.1.22 
[2025-07-08T18:50:58.454 info Netsdk:87378 367460:367460 TPTCPClient.cpp:587]Connect Client Port : 46046
[2025-07-08T18:50:58.454 info Netsdk:87378 367460:367460 TcpSocket.cpp:2369]bSetSSL:0, nPolicy:0, nTlsMode:0
[2025-07-08T18:50:58.454 info Netsdk:87378 367460:367460 TcpSocket.cpp:2384]IsStandardTls bSetSSL:0, nPolicy:0, nTlsMode:0
[2025-07-08T18:50:58.474 info Netsdk:87378 367460:367460 netsdk.cpp:10859]Leave CLIENT_RealLoadPictureEx. ret:94815228732416.
Begin Time:2025-07-08T18:52:06.157
[2025-07-08T18:52:06.157 info Netsdk:87378 367785:367785 AVNetSDKMgr.cpp:506]Load avnetsdk library dynamically
[2025-07-08T18:52:06.165 info Netsdk:87378 367785:367785 AVNetSDKMgr.cpp:551]avnetsdk module handle: 0x557e13af36c0

[2025-07-08T18:52:06.165 info Netsdk:87378 367785:367785 AVNetSDKMgr.cpp:826]Load configsdk dynamically
[2025-07-08T18:52:06.167 info Netsdk:87378 367785:367785 netsdk.cpp:245]Enter CLIENT_InitEx:[cbDisConnect=(nil), dwUser=(nil), lpInitParam=0x557e13575540].
[2025-07-08T18:52:06.167 info Netsdk:87378 367785:367785 OpensslMgr.cpp:729]LibeayPath=libcrypto.so and SsleayPath=libssl.so ,pHardEnginePath=,pKeyManager=,pVendorLibPath=

[2025-07-08T18:52:06.167 info Netsdk:87378 367785:367785 OpensslMgr.cpp:752]LibtinyPath= 

[2025-07-08T18:52:06.169 error Netsdk:87378 367785:367785 OpensslMgr.cpp:789]m_hHardEngineModule:0x7f4a4a5a02e0

[2025-07-08T18:52:06.169 error Netsdk:87378 367785:367785 OpensslMgr.cpp:833]load rsa encode failed
[2025-07-08T18:52:06.178 info Netsdk:87378 367785:367785 AVNetSDKMgr.cpp:725]Test load avnetsdk err

[2025-07-08T18:52:06.178 info Netsdk:87378 367785:367785 netsdk.cpp:268]Leave CLIENT_InitEx.
[2025-07-08T18:52:06.178 info Netsdk:87378 367785:367785 netsdk.cpp:993]Enter CLIENT_LoginWithHighLevelSecurity. pstInParam:0x7f4a49792670, pstOutParam:0x7f4a4979c6c0.
[2025-07-08T18:52:06.178 info Netsdk:87378 367785:367785 netsdk.cpp:1009]IP:10.45.14.11, port:37777, SpeCap:0, CapParam:(nil), TLSCap:0
[2025-07-08T18:52:06.178 info Netsdk:87378 367785:367785 devprob.cpp:3567]login with localIP:
[2025-07-08T18:52:06.179 error Netsdk:87378 367785:367785 TPTCPClient.cpp:495]connect() failed: Operation now in progress
[2025-07-08T18:52:06.182 info Netsdk:87378 367785:367785 TPTCPClient.cpp:586]Connect Client Ip : 10.10.1.22 
[2025-07-08T18:52:06.182 info Netsdk:87378 367785:367785 TPTCPClient.cpp:587]Connect Client Port : 59324
[2025-07-08T18:52:06.325 info Netsdk:87378 367785:367785 netsdk.cpp:1057]Leave CLIENT_LoginWithHighLevelSecurity. error:0, login ID:0x557e13bad600.
[2025-07-08T18:52:06.325 info Netsdk:87378 367785:367785 netsdk.cpp:10840]Enter CLIENT_RealLoadPictureEx. lLoginID:0x557e13bad600, nChannelID:0, dwAlarmType:23, bNeedPicFile:0, cbAnalyzerData:0x7f4a49af5010, dwUser:(nil), Reserved:(nil).
[2025-07-08T18:52:06.325 info Netsdk:87378 367785:367785 Utils.cpp:5201]interface num = 4
[2025-07-08T18:52:06.325 info Netsdk:87378 367785:367785 Utils.cpp:5210]cur IP 172.18.0.1
[2025-07-08T18:52:06.325 info Netsdk:87378 367785:367785 Utils.cpp:5210]cur IP 172.17.0.1
[2025-07-08T18:52:06.325 info Netsdk:87378 367785:367785 Utils.cpp:5210]cur IP 10.10.1.22
[2025-07-08T18:52:06.328 error Netsdk:87378 367785:367801 JsonParser.cpp:7094]result : false, error code : 0x1007ffff
[2025-07-08T18:52:06.328 error Netsdk:87378 367785:367801 JsonParser.cpp:7094]result : false, error code : 0x1007ffff
[2025-07-08T18:52:06.329 error Netsdk:87378 367785:367801 JsonParser.cpp:7094]result : false, error code : 0x1007ffff
[2025-07-08T18:52:06.329 error Netsdk:87378 367785:367801 JsonParser.cpp:7094]result : false, error code : 0x1007ffff
[2025-07-08T18:52:06.335 error Netsdk:87378 367785:367785 Generation2ProtocolSecureTransmit.cpp:661]Not find
[2025-07-08T18:52:06.335 info Netsdk:87378 367785:367785 DevConfigEx.cpp:13612]IN SetupSession PORT=0 and PORT: 37777
[2025-07-08T18:52:06.335 error Netsdk:87378 367785:367785 TPTCPClient.cpp:495]connect() failed: Operation now in progress
[2025-07-08T18:52:06.338 info Netsdk:87378 367785:367785 TPTCPClient.cpp:586]Connect Client Ip : 10.10.1.22 
[2025-07-08T18:52:06.338 info Netsdk:87378 367785:367785 TPTCPClient.cpp:587]Connect Client Port : 59326
[2025-07-08T18:52:06.338 info Netsdk:87378 367785:367785 TcpSocket.cpp:2369]bSetSSL:0, nPolicy:0, nTlsMode:0
[2025-07-08T18:52:06.338 info Netsdk:87378 367785:367785 TcpSocket.cpp:2384]IsStandardTls bSetSSL:0, nPolicy:0, nTlsMode:0
[2025-07-08T18:52:06.358 info Netsdk:87378 367785:367785 netsdk.cpp:10859]Leave CLIENT_RealLoadPictureEx. ret:93999985339232.
[2025-07-08T18:52:06.358 info Netsdk:87378 367785:367785 netsdk.cpp:993]Enter CLIENT_LoginWithHighLevelSecurity. pstInParam:0x7f4a497929d0, pstOutParam:0x7f4a4979c990.
[2025-07-08T18:52:06.358 info Netsdk:87378 367785:367785 netsdk.cpp:1009]IP:10.45.14.12, port:37777, SpeCap:0, CapParam:(nil), TLSCap:0
[2025-07-08T18:52:06.358 info Netsdk:87378 367785:367785 devprob.cpp:3567]login with localIP:
[2025-07-08T18:52:06.358 error Netsdk:87378 367785:367785 TPTCPClient.cpp:495]connect() failed: Operation now in progress
[2025-07-08T18:52:06.362 info Netsdk:87378 367785:367785 TPTCPClient.cpp:586]Connect Client Ip : 10.10.1.22 
[2025-07-08T18:52:06.362 info Netsdk:87378 367785:367785 TPTCPClient.cpp:587]Connect Client Port : 41076
[2025-07-08T18:52:06.383 info Netsdk:87378 367785:367785 devprob.cpp:1867]Device support authorityType MD5 to encrypt
[2025-07-08T18:52:06.383 info Netsdk:87378 367785:367785 devprob.cpp:1857]Device support authorityType SHA256 to encrypt
[2025-07-08T18:52:06.822 info Netsdk:87378 367785:367785 netsdk.cpp:1057]Leave CLIENT_LoginWithHighLevelSecurity. error:0, login ID:0x557e13bd4410.
[2025-07-08T18:52:06.822 info Netsdk:87378 367785:367785 netsdk.cpp:10840]Enter CLIENT_RealLoadPictureEx. lLoginID:0x557e13bd4410, nChannelID:0, dwAlarmType:23, bNeedPicFile:0, cbAnalyzerData:0x7f4a49af5010, dwUser:(nil), Reserved:(nil).
[2025-07-08T18:52:06.822 info Netsdk:87378 367785:367785 Utils.cpp:5201]interface num = 4
[2025-07-08T18:52:06.822 info Netsdk:87378 367785:367785 Utils.cpp:5210]cur IP 172.18.0.1
[2025-07-08T18:52:06.822 info Netsdk:87378 367785:367785 Utils.cpp:5210]cur IP 172.17.0.1
[2025-07-08T18:52:06.822 info Netsdk:87378 367785:367785 Utils.cpp:5210]cur IP 10.10.1.22
[2025-07-08T18:52:06.832 error Netsdk:87378 367785:367785 Generation2ProtocolSecureTransmit.cpp:661]Not find
[2025-07-08T18:52:06.832 info Netsdk:87378 367785:367785 DevConfigEx.cpp:13612]IN SetupSession PORT=0 and PORT: 37777
[2025-07-08T18:52:06.832 error Netsdk:87378 367785:367785 TPTCPClient.cpp:495]connect() failed: Operation now in progress
[2025-07-08T18:52:06.836 info Netsdk:87378 367785:367785 TPTCPClient.cpp:586]Connect Client Ip : 10.10.1.22 
[2025-07-08T18:52:06.836 info Netsdk:87378 367785:367785 TPTCPClient.cpp:587]Connect Client Port : 41078
[2025-07-08T18:52:06.836 info Netsdk:87378 367785:367785 TcpSocket.cpp:2369]bSetSSL:0, nPolicy:0, nTlsMode:0
[2025-07-08T18:52:06.836 info Netsdk:87378 367785:367785 TcpSocket.cpp:2384]IsStandardTls bSetSSL:0, nPolicy:0, nTlsMode:0
[2025-07-08T18:52:06.837 error Netsdk:87378 367785:367803 JsonParser.cpp:7094]result : false, error code : 0x1007ffff
[2025-07-08T18:52:06.837 error Netsdk:87378 367785:367803 JsonParser.cpp:7094]result : false, error code : 0x1007ffff
[2025-07-08T18:52:06.837 error Netsdk:87378 367785:367803 JsonParser.cpp:7094]result : false, error code : 0x1007ffff
[2025-07-08T18:52:06.837 error Netsdk:87378 367785:367803 JsonParser.cpp:7094]result : false, error code : 0x1007ffff
[2025-07-08T18:52:06.857 info Netsdk:87378 367785:367785 netsdk.cpp:10859]Leave CLIENT_RealLoadPictureEx. ret:93999985504432.
Begin Time:2025-07-08T18:53:36.237
[2025-07-08T18:53:36.237 info Netsdk:87378 368216:368216 AVNetSDKMgr.cpp:506]Load avnetsdk library dynamically
[2025-07-08T18:53:36.244 info Netsdk:87378 368216:368216 AVNetSDKMgr.cpp:551]avnetsdk module handle: 0x55ba930084d0

[2025-07-08T18:53:36.244 info Netsdk:87378 368216:368216 AVNetSDKMgr.cpp:826]Load configsdk dynamically
[2025-07-08T18:53:36.246 info Netsdk:87378 368216:368216 netsdk.cpp:245]Enter CLIENT_InitEx:[cbDisConnect=(nil), dwUser=(nil), lpInitParam=0x55ba92a8b390].
[2025-07-08T18:53:36.246 info Netsdk:87378 368216:368216 OpensslMgr.cpp:729]LibeayPath=libcrypto.so and SsleayPath=libssl.so ,pHardEnginePath=,pKeyManager=,pVendorLibPath=

[2025-07-08T18:53:36.246 info Netsdk:87378 368216:368216 OpensslMgr.cpp:752]LibtinyPath= 

[2025-07-08T18:53:36.248 error Netsdk:87378 368216:368216 OpensslMgr.cpp:789]m_hHardEngineModule:0x7f9c940472e0

[2025-07-08T18:53:36.248 error Netsdk:87378 368216:368216 OpensslMgr.cpp:833]load rsa encode failed
[2025-07-08T18:53:36.257 info Netsdk:87378 368216:368216 AVNetSDKMgr.cpp:725]Test load avnetsdk err

[2025-07-08T18:53:36.257 info Netsdk:87378 368216:368216 netsdk.cpp:268]Leave CLIENT_InitEx.
[2025-07-08T18:53:36.257 info Netsdk:87378 368216:368216 netsdk.cpp:993]Enter CLIENT_LoginWithHighLevelSecurity. pstInParam:0x7f9c93292790, pstOutParam:0x7f9c9329c6c0.
[2025-07-08T18:53:36.257 info Netsdk:87378 368216:368216 netsdk.cpp:1009]IP:10.45.14.11, port:37777, SpeCap:0, CapParam:(nil), TLSCap:0
[2025-07-08T18:53:36.257 info Netsdk:87378 368216:368216 devprob.cpp:3567]login with localIP:
[2025-07-08T18:53:36.257 error Netsdk:87378 368216:368216 TPTCPClient.cpp:495]connect() failed: Operation now in progress
[2025-07-08T18:53:36.261 info Netsdk:87378 368216:368216 TPTCPClient.cpp:586]Connect Client Ip : 10.10.1.22 
[2025-07-08T18:53:36.261 info Netsdk:87378 368216:368216 TPTCPClient.cpp:587]Connect Client Port : 44194
[2025-07-08T18:53:36.384 info Netsdk:87378 368216:368216 netsdk.cpp:1057]Leave CLIENT_LoginWithHighLevelSecurity. error:0, login ID:0x55ba930c1e60.
[2025-07-08T18:53:36.384 info Netsdk:87378 368216:368216 netsdk.cpp:10840]Enter CLIENT_RealLoadPictureEx. lLoginID:0x55ba930c1e60, nChannelID:0, dwAlarmType:23, bNeedPicFile:0, cbAnalyzerData:0x7f9c93fbb010, dwUser:(nil), Reserved:(nil).
[2025-07-08T18:53:36.384 info Netsdk:87378 368216:368216 Utils.cpp:5201]interface num = 4
[2025-07-08T18:53:36.384 info Netsdk:87378 368216:368216 Utils.cpp:5210]cur IP 172.18.0.1
[2025-07-08T18:53:36.384 info Netsdk:87378 368216:368216 Utils.cpp:5210]cur IP 172.17.0.1
[2025-07-08T18:53:36.384 info Netsdk:87378 368216:368216 Utils.cpp:5210]cur IP 10.10.1.22
[2025-07-08T18:53:36.388 error Netsdk:87378 368216:368232 JsonParser.cpp:7094]result : false, error code : 0x1007ffff
[2025-07-08T18:53:36.388 error Netsdk:87378 368216:368232 JsonParser.cpp:7094]result : false, error code : 0x1007ffff
[2025-07-08T18:53:36.388 error Netsdk:87378 368216:368232 JsonParser.cpp:7094]result : false, error code : 0x1007ffff
[2025-07-08T18:53:36.388 error Netsdk:87378 368216:368232 JsonParser.cpp:7094]result : false, error code : 0x1007ffff
[2025-07-08T18:53:36.395 error Netsdk:87378 368216:368216 Generation2ProtocolSecureTransmit.cpp:661]Not find
[2025-07-08T18:53:36.395 info Netsdk:87378 368216:368216 DevConfigEx.cpp:13612]IN SetupSession PORT=0 and PORT: 37777
[2025-07-08T18:53:36.395 error Netsdk:87378 368216:368216 TPTCPClient.cpp:495]connect() failed: Operation now in progress
[2025-07-08T18:53:36.398 info Netsdk:87378 368216:368216 TPTCPClient.cpp:586]Connect Client Ip : 10.10.1.22 
[2025-07-08T18:53:36.398 info Netsdk:87378 368216:368216 TPTCPClient.cpp:587]Connect Client Port : 44196
[2025-07-08T18:53:36.398 info Netsdk:87378 368216:368216 TcpSocket.cpp:2369]bSetSSL:0, nPolicy:0, nTlsMode:0
[2025-07-08T18:53:36.398 info Netsdk:87378 368216:368216 TcpSocket.cpp:2384]IsStandardTls bSetSSL:0, nPolicy:0, nTlsMode:0
[2025-07-08T18:53:36.429 info Netsdk:87378 368216:368216 netsdk.cpp:10859]Leave CLIENT_RealLoadPictureEx. ret:94259819410368.
[2025-07-08T18:53:36.429 info Netsdk:87378 368216:368216 netsdk.cpp:993]Enter CLIENT_LoginWithHighLevelSecurity. pstInParam:0x7f9c93292af0, pstOutParam:0x7f9c9329c990.
[2025-07-08T18:53:36.429 info Netsdk:87378 368216:368216 netsdk.cpp:1009]IP:10.45.14.12, port:37777, SpeCap:0, CapParam:(nil), TLSCap:0
[2025-07-08T18:53:36.429 info Netsdk:87378 368216:368216 devprob.cpp:3567]login with localIP:
[2025-07-08T18:53:36.429 error Netsdk:87378 368216:368216 TPTCPClient.cpp:495]connect() failed: Operation now in progress
[2025-07-08T18:53:36.432 info Netsdk:87378 368216:368216 TPTCPClient.cpp:586]Connect Client Ip : 10.10.1.22 
[2025-07-08T18:53:36.432 info Netsdk:87378 368216:368216 TPTCPClient.cpp:587]Connect Client Port : 37960
[2025-07-08T18:53:36.473 info Netsdk:87378 368216:368216 devprob.cpp:1867]Device support authorityType MD5 to encrypt
[2025-07-08T18:53:36.473 info Netsdk:87378 368216:368216 devprob.cpp:1857]Device support authorityType SHA256 to encrypt
[2025-07-08T18:53:36.940 error Netsdk:87378 368216:368234 JsonParser.cpp:7094]result : false, error code : 0x1007ffff
[2025-07-08T18:53:36.940 error Netsdk:87378 368216:368234 JsonParser.cpp:7094]result : false, error code : 0x1007ffff
[2025-07-08T18:53:36.943 info Netsdk:87378 368216:368216 netsdk.cpp:1057]Leave CLIENT_LoginWithHighLevelSecurity. error:0, login ID:0x55ba930e8d60.
[2025-07-08T18:53:36.943 info Netsdk:87378 368216:368216 netsdk.cpp:10840]Enter CLIENT_RealLoadPictureEx. lLoginID:0x55ba930e8d60, nChannelID:0, dwAlarmType:23, bNeedPicFile:0, cbAnalyzerData:0x7f9c93fbb010, dwUser:(nil), Reserved:(nil).
[2025-07-08T18:53:36.943 info Netsdk:87378 368216:368216 Utils.cpp:5201]interface num = 4
[2025-07-08T18:53:36.943 info Netsdk:87378 368216:368216 Utils.cpp:5210]cur IP 172.18.0.1
[2025-07-08T18:53:36.943 info Netsdk:87378 368216:368216 Utils.cpp:5210]cur IP 172.17.0.1
[2025-07-08T18:53:36.943 info Netsdk:87378 368216:368216 Utils.cpp:5210]cur IP 10.10.1.22
[2025-07-08T18:53:36.953 error Netsdk:87378 368216:368234 JsonParser.cpp:7094]result : false, error code : 0x1007ffff
[2025-07-08T18:53:36.953 error Netsdk:87378 368216:368216 Generation2ProtocolSecureTransmit.cpp:661]Not find
[2025-07-08T18:53:36.953 error Netsdk:87378 368216:368234 JsonParser.cpp:7094]result : false, error code : 0x1007ffff
[2025-07-08T18:53:36.953 info Netsdk:87378 368216:368216 DevConfigEx.cpp:13612]IN SetupSession PORT=0 and PORT: 37777
[2025-07-08T18:53:36.954 error Netsdk:87378 368216:368216 TPTCPClient.cpp:495]connect() failed: Operation now in progress
[2025-07-08T18:53:36.957 info Netsdk:87378 368216:368216 TPTCPClient.cpp:586]Connect Client Ip : 10.10.1.22 
[2025-07-08T18:53:36.957 info Netsdk:87378 368216:368216 TPTCPClient.cpp:587]Connect Client Port : 37972
[2025-07-08T18:53:36.957 info Netsdk:87378 368216:368216 TcpSocket.cpp:2369]bSetSSL:0, nPolicy:0, nTlsMode:0
[2025-07-08T18:53:36.957 info Netsdk:87378 368216:368216 TcpSocket.cpp:2384]IsStandardTls bSetSSL:0, nPolicy:0, nTlsMode:0
[2025-07-08T18:53:36.977 info Netsdk:87378 368216:368216 netsdk.cpp:10859]Leave CLIENT_RealLoadPictureEx. ret:94259819534752.
Begin Time:2025-07-08T18:56:30.221
[2025-07-08T18:56:30.221 info Netsdk:87378 368858:368858 AVNetSDKMgr.cpp:506]Load avnetsdk library dynamically
[2025-07-08T18:56:30.229 info Netsdk:87378 368858:368858 AVNetSDKMgr.cpp:551]avnetsdk module handle: 0x5558f42b63d0

[2025-07-08T18:56:30.229 info Netsdk:87378 368858:368858 AVNetSDKMgr.cpp:826]Load configsdk dynamically
[2025-07-08T18:56:30.230 info Netsdk:87378 368858:368858 netsdk.cpp:245]Enter CLIENT_InitEx:[cbDisConnect=(nil), dwUser=(nil), lpInitParam=0x5558f3d37430].
[2025-07-08T18:56:30.230 info Netsdk:87378 368858:368858 OpensslMgr.cpp:729]LibeayPath=libcrypto.so and SsleayPath=libssl.so ,pHardEnginePath=,pKeyManager=,pVendorLibPath=

[2025-07-08T18:56:30.230 info Netsdk:87378 368858:368858 OpensslMgr.cpp:752]LibtinyPath= 

[2025-07-08T18:56:30.232 error Netsdk:87378 368858:368858 OpensslMgr.cpp:789]m_hHardEngineModule:0x7f4f6e9782e0

[2025-07-08T18:56:30.232 error Netsdk:87378 368858:368858 OpensslMgr.cpp:833]load rsa encode failed
[2025-07-08T18:56:30.241 info Netsdk:87378 368858:368858 AVNetSDKMgr.cpp:725]Test load avnetsdk err

[2025-07-08T18:56:30.241 info Netsdk:87378 368858:368858 netsdk.cpp:268]Leave CLIENT_InitEx.
[2025-07-08T18:56:30.241 info Netsdk:87378 368858:368858 netsdk.cpp:993]Enter CLIENT_LoginWithHighLevelSecurity. pstInParam:0x7f4f6db9a790, pstOutParam:0x7f4f6dba46c0.
[2025-07-08T18:56:30.241 info Netsdk:87378 368858:368858 netsdk.cpp:1009]IP:10.45.14.11, port:37777, SpeCap:0, CapParam:(nil), TLSCap:0
[2025-07-08T18:56:30.241 info Netsdk:87378 368858:368858 devprob.cpp:3567]login with localIP:
[2025-07-08T18:56:30.241 error Netsdk:87378 368858:368858 TPTCPClient.cpp:495]connect() failed: Operation now in progress
[2025-07-08T18:56:30.245 info Netsdk:87378 368858:368858 TPTCPClient.cpp:586]Connect Client Ip : 10.10.1.22 
[2025-07-08T18:56:30.245 info Netsdk:87378 368858:368858 TPTCPClient.cpp:587]Connect Client Port : 33154
[2025-07-08T18:56:30.363 error Netsdk:87378 368858:368884 JsonParser.cpp:7094]result : false, error code : 0x1007ffff
[2025-07-08T18:56:30.363 error Netsdk:87378 368858:368884 JsonParser.cpp:7094]result : false, error code : 0x1007ffff
[2025-07-08T18:56:30.368 info Netsdk:87378 368858:368858 netsdk.cpp:1057]Leave CLIENT_LoginWithHighLevelSecurity. error:0, login ID:0x5558f43703b0.
[2025-07-08T18:56:30.368 info Netsdk:87378 368858:368858 netsdk.cpp:10840]Enter CLIENT_RealLoadPictureEx. lLoginID:0x5558f43703b0, nChannelID:0, dwAlarmType:23, bNeedPicFile:1, cbAnalyzerData:0x7f4f6e7bb010, dwUser:(nil), Reserved:(nil).
[2025-07-08T18:56:30.368 info Netsdk:87378 368858:368858 Utils.cpp:5201]interface num = 4
[2025-07-08T18:56:30.368 info Netsdk:87378 368858:368858 Utils.cpp:5210]cur IP 172.18.0.1
[2025-07-08T18:56:30.368 info Netsdk:87378 368858:368858 Utils.cpp:5210]cur IP 172.17.0.1
[2025-07-08T18:56:30.368 info Netsdk:87378 368858:368858 Utils.cpp:5210]cur IP 10.10.1.22
[2025-07-08T18:56:30.374 error Netsdk:87378 368858:368884 JsonParser.cpp:7094]result : false, error code : 0x1007ffff
[2025-07-08T18:56:30.374 error Netsdk:87378 368858:368884 JsonParser.cpp:7094]result : false, error code : 0x1007ffff
[2025-07-08T18:56:30.378 error Netsdk:87378 368858:368858 Generation2ProtocolSecureTransmit.cpp:661]Not find
[2025-07-08T18:56:30.378 info Netsdk:87378 368858:368858 DevConfigEx.cpp:13612]IN SetupSession PORT=0 and PORT: 37777
[2025-07-08T18:56:30.379 error Netsdk:87378 368858:368858 TPTCPClient.cpp:495]connect() failed: Operation now in progress
[2025-07-08T18:56:30.381 info Netsdk:87378 368858:368858 TPTCPClient.cpp:586]Connect Client Ip : 10.10.1.22 
[2025-07-08T18:56:30.381 info Netsdk:87378 368858:368858 TPTCPClient.cpp:587]Connect Client Port : 33164
[2025-07-08T18:56:30.381 info Netsdk:87378 368858:368858 TcpSocket.cpp:2369]bSetSSL:0, nPolicy:0, nTlsMode:0
[2025-07-08T18:56:30.381 info Netsdk:87378 368858:368858 TcpSocket.cpp:2384]IsStandardTls bSetSSL:0, nPolicy:0, nTlsMode:0
[2025-07-08T18:56:30.412 info Netsdk:87378 368858:368858 netsdk.cpp:10859]Leave CLIENT_RealLoadPictureEx. ret:93840542746528.
[2025-07-08T18:56:30.412 info Netsdk:87378 368858:368858 netsdk.cpp:993]Enter CLIENT_LoginWithHighLevelSecurity. pstInParam:0x7f4f6db9aaf0, pstOutParam:0x7f4f6dba4990.
[2025-07-08T18:56:30.412 info Netsdk:87378 368858:368858 netsdk.cpp:1009]IP:10.45.14.12, port:37777, SpeCap:0, CapParam:(nil), TLSCap:0
[2025-07-08T18:56:30.412 info Netsdk:87378 368858:368858 devprob.cpp:3567]login with localIP:
[2025-07-08T18:56:30.412 error Netsdk:87378 368858:368858 TPTCPClient.cpp:495]connect() failed: Operation now in progress
[2025-07-08T18:56:30.415 info Netsdk:87378 368858:368858 TPTCPClient.cpp:586]Connect Client Ip : 10.10.1.22 
[2025-07-08T18:56:30.415 info Netsdk:87378 368858:368858 TPTCPClient.cpp:587]Connect Client Port : 40686
[2025-07-08T18:56:30.446 info Netsdk:87378 368858:368858 devprob.cpp:1867]Device support authorityType MD5 to encrypt
[2025-07-08T18:56:30.446 info Netsdk:87378 368858:368858 devprob.cpp:1857]Device support authorityType SHA256 to encrypt
[2025-07-08T18:56:30.906 info Netsdk:87378 368858:368858 netsdk.cpp:1057]Leave CLIENT_LoginWithHighLevelSecurity. error:0, login ID:0x5558f4397370.
[2025-07-08T18:56:30.906 info Netsdk:87378 368858:368858 netsdk.cpp:10840]Enter CLIENT_RealLoadPictureEx. lLoginID:0x5558f4397370, nChannelID:0, dwAlarmType:23, bNeedPicFile:1, cbAnalyzerData:0x7f4f6e7bb010, dwUser:(nil), Reserved:(nil).
[2025-07-08T18:56:30.906 info Netsdk:87378 368858:368858 Utils.cpp:5201]interface num = 4
[2025-07-08T18:56:30.906 info Netsdk:87378 368858:368858 Utils.cpp:5210]cur IP 172.18.0.1
[2025-07-08T18:56:30.906 info Netsdk:87378 368858:368858 Utils.cpp:5210]cur IP 172.17.0.1
[2025-07-08T18:56:30.906 info Netsdk:87378 368858:368858 Utils.cpp:5210]cur IP 10.10.1.22
[2025-07-08T18:56:30.913 error Netsdk:87378 368858:368886 JsonParser.cpp:7094]result : false, error code : 0x1007ffff
[2025-07-08T18:56:30.913 error Netsdk:87378 368858:368886 JsonParser.cpp:7094]result : false, error code : 0x1007ffff
[2025-07-08T18:56:30.915 error Netsdk:87378 368858:368886 JsonParser.cpp:7094]result : false, error code : 0x1007ffff
[2025-07-08T18:56:30.915 error Netsdk:87378 368858:368886 JsonParser.cpp:7094]result : false, error code : 0x1007ffff
[2025-07-08T18:56:30.916 error Netsdk:87378 368858:368858 Generation2ProtocolSecureTransmit.cpp:661]Not find
[2025-07-08T18:56:30.917 info Netsdk:87378 368858:368858 DevConfigEx.cpp:13612]IN SetupSession PORT=0 and PORT: 37777
[2025-07-08T18:56:30.917 error Netsdk:87378 368858:368858 TPTCPClient.cpp:495]connect() failed: Operation now in progress
[2025-07-08T18:56:30.920 info Netsdk:87378 368858:368858 TPTCPClient.cpp:586]Connect Client Ip : 10.10.1.22 
[2025-07-08T18:56:30.920 info Netsdk:87378 368858:368858 TPTCPClient.cpp:587]Connect Client Port : 40688
[2025-07-08T18:56:30.920 info Netsdk:87378 368858:368858 TcpSocket.cpp:2369]bSetSSL:0, nPolicy:0, nTlsMode:0
[2025-07-08T18:56:30.920 info Netsdk:87378 368858:368858 TcpSocket.cpp:2384]IsStandardTls bSetSSL:0, nPolicy:0, nTlsMode:0
[2025-07-08T18:56:30.951 info Netsdk:87378 368858:368858 netsdk.cpp:10859]Leave CLIENT_RealLoadPictureEx. ret:93840542972816.
